::1 - - [13/Oct/2025:17:17:10 +0000] "GET /event/getall HTTP/1.1" 200 2
::1 - - [13/Oct/2025:17:17:18 +0000] "OPTIONS /user/signin HTTP/1.1" 204 0
::1 - - [13/Oct/2025:17:21:11 +0000] "OPTIONS /user/signout HTTP/1.1" 204 0
::1 - - [13/Oct/2025:17:21:11 +0000] "POST /user/signout HTTP/1.1" 200 29
::1 - - [13/Oct/2025:17:21:17 +0000] "OPTIONS /user/signin HTTP/1.1" 204 0
::1 - - [13/Oct/2025:17:21:18 +0000] "POST /user/signin HTTP/1.1" 200 319
::1 - - [13/Oct/2025:17:21:25 +0000] "OPTIONS /event/create HTTP/1.1" 204 0
::1 - - [13/Oct/2025:17:21:25 +0000] "POST /event/create HTTP/1.1" 400 36
::1 - - [13/Oct/2025:17:25:03 +0000] "OPTIONS /user/signout HTTP/1.1" 204 0
::1 - - [13/Oct/2025:17:25:03 +0000] "POST /user/signout HTTP/1.1" 200 29
::1 - - [13/Oct/2025:17:25:05 +0000] "OPTIONS /user/signin HTTP/1.1" 204 0
::1 - - [13/Oct/2025:17:25:08 +0000] "POST /user/signin HTTP/1.1" 200 319
::1 - - [13/Oct/2025:17:25:11 +0000] "OPTIONS /event/create HTTP/1.1" 204 0
::1 - - [13/Oct/2025:17:25:11 +0000] "POST /event/create HTTP/1.1" 400 36
::1 - - [13/Oct/2025:17:25:58 +0000] "OPTIONS /event/create HTTP/1.1" 204 0
::1 - - [13/Oct/2025:17:25:59 +0000] "POST /event/create HTTP/1.1" 400 36
::1 - - [13/Oct/2025:17:26:34 +0000] "OPTIONS /event/create HTTP/1.1" 204 0
::1 - - [13/Oct/2025:17:26:35 +0000] "POST /event/create HTTP/1.1" 400 36
::1 - - [13/Oct/2025:17:29:43 +0000] "OPTIONS /event/create HTTP/1.1" 204 0
::1 - - [13/Oct/2025:17:29:44 +0000] "POST /event/create HTTP/1.1" 400 36
::1 - - [13/Oct/2025:17:30:27 +0000] "OPTIONS /event/create HTTP/1.1" 204 0
::1 - - [13/Oct/2025:17:30:28 +0000] "POST /event/create HTTP/1.1" 400 36
::1 - - [13/Oct/2025:17:36:05 +0000] "OPTIONS /event/create HTTP/1.1" 204 0
::1 - - [13/Oct/2025:17:36:06 +0000] "POST /event/create HTTP/1.1" 400 36
::1 - - [13/Oct/2025:17:37:51 +0000] "OPTIONS /event/create HTTP/1.1" 204 0
::1 - - [13/Oct/2025:17:37:52 +0000] "POST /event/create HTTP/1.1" 400 36
::1 - - [13/Oct/2025:17:38:15 +0000] "OPTIONS /event/create HTTP/1.1" 204 0
::1 - - [13/Oct/2025:17:38:36 +0000] "OPTIONS /event/create HTTP/1.1" 204 0
::1 - - [13/Oct/2025:17:38:37 +0000] "POST /event/create HTTP/1.1" 400 36
::1 - - [13/Oct/2025:17:45:37 +0000] "OPTIONS /event/create HTTP/1.1" 204 0
::1 - - [13/Oct/2025:17:45:44 +0000] "POST /event/create HTTP/1.1" 500 637
::1 - - [13/Oct/2025:17:46:23 +0000] "OPTIONS /event/create HTTP/1.1" 204 0
::1 - - [13/Oct/2025:18:46:46 +0000] "OPTIONS /user/signin HTTP/1.1" 204 0
::1 - - [13/Oct/2025:18:46:46 +0000] "OPTIONS /user/signin HTTP/1.1" 204 0
::1 - - [13/Oct/2025:18:46:48 +0000] "POST /user/signin HTTP/1.1" 200 319
::1 - - [13/Oct/2025:18:46:49 +0000] "POST /user/signin HTTP/1.1" 200 319
::1 - - [13/Oct/2025:18:49:44 +0000] "GET /event/getall HTTP/1.1" 200 2
::1 - - [13/Oct/2025:18:50:15 +0000] "OPTIONS /user/signin HTTP/1.1" 204 0
::1 - - [13/Oct/2025:18:50:16 +0000] "POST /user/signin HTTP/1.1" 200 319
::1 - - [13/Oct/2025:18:56:42 +0000] "POST /event/create HTTP/1.1" 401 43
::1 - - [13/Oct/2025:18:57:11 +0000] "OPTIONS /user/signin HTTP/1.1" 204 0
::1 - - [13/Oct/2025:18:57:12 +0000] "POST /user/signin HTTP/1.1" 200 319
::1 - - [13/Oct/2025:18:57:17 +0000] "OPTIONS /event/create HTTP/1.1" 204 0
::1 - - [13/Oct/2025:18:57:18 +0000] "POST /event/create HTTP/1.1" 400 41
::1 - - [13/Oct/2025:19:06:33 +0000] "POST /event/create HTTP/1.1" 401 43
::1 - - [13/Oct/2025:19:06:46 +0000] "OPTIONS /user/signin HTTP/1.1" 204 0
::1 - - [13/Oct/2025:19:06:48 +0000] "POST /user/signin HTTP/1.1" 200 319
::1 - - [13/Oct/2025:19:06:56 +0000] "OPTIONS /event/create HTTP/1.1" 204 0
::1 - - [13/Oct/2025:19:06:56 +0000] "POST /event/create HTTP/1.1" 400 41
::1 - - [13/Oct/2025:19:09:25 +0000] "OPTIONS /event/create HTTP/1.1" 204 0
::1 - - [13/Oct/2025:19:09:26 +0000] "POST /event/create HTTP/1.1" 400 41
::1 - - [13/Oct/2025:19:13:57 +0000] "OPTIONS /user/signout HTTP/1.1" 204 0
::1 - - [13/Oct/2025:19:13:58 +0000] "POST /user/signout HTTP/1.1" 200 29
::1 - - [13/Oct/2025:19:14:09 +0000] "OPTIONS /user/signin HTTP/1.1" 204 0
::1 - - [13/Oct/2025:19:14:11 +0000] "POST /user/signin HTTP/1.1" 200 319
::1 - - [13/Oct/2025:19:14:12 +0000] "POST /user/signin HTTP/1.1" 200 319
::1 - - [13/Oct/2025:19:14:23 +0000] "OPTIONS /event/create HTTP/1.1" 204 0
::1 - - [13/Oct/2025:19:14:24 +0000] "POST /event/create HTTP/1.1" 500 780
::1 - - [13/Oct/2025:19:18:12 +0000] "OPTIONS /event/create HTTP/1.1" 204 0
::1 - - [13/Oct/2025:19:18:13 +0000] "POST /event/create HTTP/1.1" 201 628
::1 - - [13/Oct/2025:19:18:15 +0000] "OPTIONS /event/get HTTP/1.1" 204 0
::1 - - [13/Oct/2025:19:18:15 +0000] "OPTIONS /event/get HTTP/1.1" 204 0
::1 - - [13/Oct/2025:19:18:16 +0000] "GET /event/get HTTP/1.1" 200 419
::1 - - [13/Oct/2025:19:18:16 +0000] "GET /event/get HTTP/1.1" 304 -
::1 - - [13/Oct/2025:19:18:36 +0000] "OPTIONS /event/get/47ca88de-c774-41bb-a8c5-d4a20d651613 HTTP/1.1" 204 0
::1 - - [13/Oct/2025:19:18:36 +0000] "OPTIONS /event/get/47ca88de-c774-41bb-a8c5-d4a20d651613 HTTP/1.1" 204 0
::1 - - [13/Oct/2025:19:18:37 +0000] "GET /event/get/47ca88de-c774-41bb-a8c5-d4a20d651613 HTTP/1.1" 200 573
::1 - - [13/Oct/2025:19:18:37 +0000] "OPTIONS /event/registrations/47ca88de-c774-41bb-a8c5-d4a20d651613 HTTP/1.1" 204 0
::1 - - [13/Oct/2025:19:18:38 +0000] "GET /event/get/47ca88de-c774-41bb-a8c5-d4a20d651613 HTTP/1.1" 304 -
::1 - - [13/Oct/2025:19:18:38 +0000] "GET /event/registrations/47ca88de-c774-41bb-a8c5-d4a20d651613 HTTP/1.1" 200 30
::1 - - [13/Oct/2025:19:18:39 +0000] "OPTIONS /event/check-registration/47ca88de-c774-41bb-a8c5-d4a20d651613 HTTP/1.1" 204 0
::1 - - [13/Oct/2025:19:18:39 +0000] "GET /event/registrations/47ca88de-c774-41bb-a8c5-d4a20d651613 HTTP/1.1" 304 -
::1 - - [13/Oct/2025:19:18:40 +0000] "GET /event/check-registration/47ca88de-c774-41bb-a8c5-d4a20d651613 HTTP/1.1" 200 20
::1 - - [13/Oct/2025:19:18:41 +0000] "GET /event/check-registration/47ca88de-c774-41bb-a8c5-d4a20d651613 HTTP/1.1" 304 -
::1 - - [13/Oct/2025:19:24:15 +0000] "OPTIONS /event/get/47ca88de-c774-41bb-a8c5-d4a20d651613 HTTP/1.1" 204 0
::1 - - [13/Oct/2025:19:24:21 +0000] "GET /event/get/47ca88de-c774-41bb-a8c5-d4a20d651613 HTTP/1.1" 304 -
::1 - - [13/Oct/2025:19:24:21 +0000] "OPTIONS /event/registrations/47ca88de-c774-41bb-a8c5-d4a20d651613 HTTP/1.1" 204 0
::1 - - [13/Oct/2025:19:24:22 +0000] "GET /event/registrations/47ca88de-c774-41bb-a8c5-d4a20d651613 HTTP/1.1" 304 -
::1 - - [13/Oct/2025:19:24:22 +0000] "OPTIONS /event/check-registration/47ca88de-c774-41bb-a8c5-d4a20d651613 HTTP/1.1" 204 0
::1 - - [13/Oct/2025:19:24:22 +0000] "GET /event/check-registration/47ca88de-c774-41bb-a8c5-d4a20d651613 HTTP/1.1" 304 -
::1 - - [13/Oct/2025:19:26:51 +0000] "OPTIONS /event/get/47ca88de-c774-41bb-a8c5-d4a20d651613 HTTP/1.1" 204 0
::1 - - [13/Oct/2025:19:26:52 +0000] "GET /event/get/47ca88de-c774-41bb-a8c5-d4a20d651613 HTTP/1.1" 304 -
::1 - - [13/Oct/2025:19:26:52 +0000] "OPTIONS /event/registrations/47ca88de-c774-41bb-a8c5-d4a20d651613 HTTP/1.1" 204 0
::1 - - [13/Oct/2025:19:26:53 +0000] "GET /event/registrations/47ca88de-c774-41bb-a8c5-d4a20d651613 HTTP/1.1" 304 -
::1 - - [13/Oct/2025:19:26:53 +0000] "OPTIONS /event/check-registration/47ca88de-c774-41bb-a8c5-d4a20d651613 HTTP/1.1" 204 0
::1 - - [13/Oct/2025:19:26:54 +0000] "GET /event/check-registration/47ca88de-c774-41bb-a8c5-d4a20d651613 HTTP/1.1" 304 -
::1 - - [13/Oct/2025:19:27:55 +0000] "OPTIONS /event/get/47ca88de-c774-41bb-a8c5-d4a20d651613 HTTP/1.1" 204 0
::1 - - [13/Oct/2025:19:27:57 +0000] "GET /event/get/47ca88de-c774-41bb-a8c5-d4a20d651613 HTTP/1.1" 304 -
::1 - - [13/Oct/2025:19:27:57 +0000] "OPTIONS /event/registrations/47ca88de-c774-41bb-a8c5-d4a20d651613 HTTP/1.1" 204 0
::1 - - [13/Oct/2025:19:27:57 +0000] "GET /event/registrations/47ca88de-c774-41bb-a8c5-d4a20d651613 HTTP/1.1" 304 -
::1 - - [13/Oct/2025:19:27:57 +0000] "OPTIONS /event/check-registration/47ca88de-c774-41bb-a8c5-d4a20d651613 HTTP/1.1" 204 0
::1 - - [13/Oct/2025:19:27:58 +0000] "GET /event/check-registration/47ca88de-c774-41bb-a8c5-d4a20d651613 HTTP/1.1" 304 -
::1 - - [13/Oct/2025:19:30:30 +0000] "OPTIONS /event/get HTTP/1.1" 204 0
::1 - - [13/Oct/2025:19:30:30 +0000] "OPTIONS /event/get HTTP/1.1" 204 0
::1 - - [13/Oct/2025:19:30:31 +0000] "GET /event/get HTTP/1.1" 304 -
::1 - - [13/Oct/2025:19:30:32 +0000] "GET /event/get HTTP/1.1" 304 -
::1 - - [13/Oct/2025:19:31:58 +0000] "OPTIONS /event/create HTTP/1.1" 204 0
::1 - - [13/Oct/2025:19:31:59 +0000] "POST /event/create HTTP/1.1" 201 660
::1 - - [13/Oct/2025:19:32:00 +0000] "OPTIONS /event/get/5b9877ae-5f85-49e4-92c4-fb105e306013 HTTP/1.1" 204 0
::1 - - [13/Oct/2025:19:32:00 +0000] "OPTIONS /event/get/5b9877ae-5f85-49e4-92c4-fb105e306013 HTTP/1.1" 204 0
::1 - - [13/Oct/2025:19:32:01 +0000] "GET /event/get/5b9877ae-5f85-49e4-92c4-fb105e306013 HTTP/1.1" 200 605
::1 - - [13/Oct/2025:19:32:01 +0000] "OPTIONS /event/registrations/5b9877ae-5f85-49e4-92c4-fb105e306013 HTTP/1.1" 204 0
::1 - - [13/Oct/2025:19:32:02 +0000] "GET /event/get/5b9877ae-5f85-49e4-92c4-fb105e306013 HTTP/1.1" 304 -
::1 - - [13/Oct/2025:19:32:17 +0000] "GET /event/registrations/5b9877ae-5f85-49e4-92c4-fb105e306013 HTTP/1.1" 200 30
::1 - - [13/Oct/2025:19:32:17 +0000] "OPTIONS /event/check-registration/5b9877ae-5f85-49e4-92c4-fb105e306013 HTTP/1.1" 204 0
::1 - - [13/Oct/2025:19:32:17 +0000] "GET /event/registrations/5b9877ae-5f85-49e4-92c4-fb105e306013 HTTP/1.1" 304 -
::1 - - [13/Oct/2025:19:32:18 +0000] "GET /event/check-registration/5b9877ae-5f85-49e4-92c4-fb105e306013 HTTP/1.1" 200 20
::1 - - [13/Oct/2025:19:32:18 +0000] "GET /event/check-registration/5b9877ae-5f85-49e4-92c4-fb105e306013 HTTP/1.1" 304 -
::1 - - [13/Oct/2025:19:34:02 +0000] "OPTIONS /event/get/5b9877ae-5f85-49e4-92c4-fb105e306013 HTTP/1.1" 204 0
::1 - - [13/Oct/2025:19:34:03 +0000] "GET /event/get/5b9877ae-5f85-49e4-92c4-fb105e306013 HTTP/1.1" 304 -
::1 - - [13/Oct/2025:19:34:03 +0000] "OPTIONS /event/registrations/5b9877ae-5f85-49e4-92c4-fb105e306013 HTTP/1.1" 204 0
::1 - - [13/Oct/2025:19:34:04 +0000] "GET /event/registrations/5b9877ae-5f85-49e4-92c4-fb105e306013 HTTP/1.1" 304 -
::1 - - [13/Oct/2025:19:34:04 +0000] "OPTIONS /event/check-registration/5b9877ae-5f85-49e4-92c4-fb105e306013 HTTP/1.1" 204 0
::1 - - [13/Oct/2025:19:34:05 +0000] "GET /event/check-registration/5b9877ae-5f85-49e4-92c4-fb105e306013 HTTP/1.1" 304 -
::1 - - [13/Oct/2025:19:36:03 +0000] "OPTIONS /event/get HTTP/1.1" 204 0
::1 - - [13/Oct/2025:19:36:03 +0000] "OPTIONS /event/get HTTP/1.1" 204 0
::1 - - [13/Oct/2025:19:36:05 +0000] "GET /event/get HTTP/1.1" 200 863
::1 - - [13/Oct/2025:19:36:05 +0000] "GET /event/get HTTP/1.1" 304 -
::1 - - [13/Oct/2025:19:36:09 +0000] "OPTIONS /event/get/47ca88de-c774-41bb-a8c5-d4a20d651613 HTTP/1.1" 204 0
::1 - - [13/Oct/2025:19:36:09 +0000] "OPTIONS /event/get/47ca88de-c774-41bb-a8c5-d4a20d651613 HTTP/1.1" 204 0
::1 - - [13/Oct/2025:19:36:09 +0000] "GET /event/get/47ca88de-c774-41bb-a8c5-d4a20d651613 HTTP/1.1" 304 -
::1 - - [13/Oct/2025:19:36:09 +0000] "OPTIONS /event/registrations/47ca88de-c774-41bb-a8c5-d4a20d651613 HTTP/1.1" 204 0
::1 - - [13/Oct/2025:19:36:10 +0000] "GET /event/get/47ca88de-c774-41bb-a8c5-d4a20d651613 HTTP/1.1" 304 -
::1 - - [13/Oct/2025:19:36:10 +0000] "GET /event/registrations/47ca88de-c774-41bb-a8c5-d4a20d651613 HTTP/1.1" 304 -
::1 - - [13/Oct/2025:19:36:10 +0000] "OPTIONS /event/check-registration/47ca88de-c774-41bb-a8c5-d4a20d651613 HTTP/1.1" 204 0
::1 - - [13/Oct/2025:19:36:11 +0000] "GET /event/check-registration/47ca88de-c774-41bb-a8c5-d4a20d651613 HTTP/1.1" 304 -
::1 - - [13/Oct/2025:19:36:11 +0000] "GET /event/registrations/47ca88de-c774-41bb-a8c5-d4a20d651613 HTTP/1.1" 304 -
::1 - - [13/Oct/2025:19:36:12 +0000] "GET /event/check-registration/47ca88de-c774-41bb-a8c5-d4a20d651613 HTTP/1.1" 304 -
::1 - - [13/Oct/2025:19:36:30 +0000] "OPTIONS /event/ticket/mine HTTP/1.1" 204 0
::1 - - [13/Oct/2025:19:36:30 +0000] "OPTIONS /event/ticket/mine HTTP/1.1" 204 0
::1 - - [13/Oct/2025:19:36:31 +0000] "GET /event/ticket/mine HTTP/1.1" 200 2
::1 - - [13/Oct/2025:19:36:32 +0000] "GET /event/ticket/mine HTTP/1.1" 304 -
::1 - - [13/Oct/2025:19:36:40 +0000] "OPTIONS /event/getall HTTP/1.1" 204 0
::1 - - [13/Oct/2025:19:36:40 +0000] "OPTIONS /event/getall HTTP/1.1" 204 0
::1 - - [13/Oct/2025:19:36:40 +0000] "GET /event/getall HTTP/1.1" 200 863
::1 - - [13/Oct/2025:19:36:40 +0000] "GET /event/getall HTTP/1.1" 304 -
::1 - - [13/Oct/2025:19:37:43 +0000] "OPTIONS /event/get/5b9877ae-5f85-49e4-92c4-fb105e306013 HTTP/1.1" 204 0
::1 - - [13/Oct/2025:19:37:43 +0000] "OPTIONS /event/get/5b9877ae-5f85-49e4-92c4-fb105e306013 HTTP/1.1" 204 0
::1 - - [13/Oct/2025:19:37:46 +0000] "GET /event/get/5b9877ae-5f85-49e4-92c4-fb105e306013 HTTP/1.1" 304 -
::1 - - [13/Oct/2025:19:37:46 +0000] "OPTIONS /event/registrations/5b9877ae-5f85-49e4-92c4-fb105e306013 HTTP/1.1" 204 0
::1 - - [13/Oct/2025:19:37:46 +0000] "GET /event/get/5b9877ae-5f85-49e4-92c4-fb105e306013 HTTP/1.1" 304 -
::1 - - [13/Oct/2025:19:37:47 +0000] "GET /event/registrations/5b9877ae-5f85-49e4-92c4-fb105e306013 HTTP/1.1" 304 -
::1 - - [13/Oct/2025:19:37:47 +0000] "OPTIONS /event/check-registration/5b9877ae-5f85-49e4-92c4-fb105e306013 HTTP/1.1" 204 0
::1 - - [13/Oct/2025:19:37:48 +0000] "GET /event/registrations/5b9877ae-5f85-49e4-92c4-fb105e306013 HTTP/1.1" 304 -
::1 - - [13/Oct/2025:19:37:48 +0000] "GET /event/check-registration/5b9877ae-5f85-49e4-92c4-fb105e306013 HTTP/1.1" 304 -
::1 - - [13/Oct/2025:19:37:49 +0000] "GET /event/check-registration/5b9877ae-5f85-49e4-92c4-fb105e306013 HTTP/1.1" 304 -
::1 - - [13/Oct/2025:19:38:14 +0000] "OPTIONS /event/getall HTTP/1.1" 204 0
::1 - - [13/Oct/2025:19:38:14 +0000] "OPTIONS /event/getall HTTP/1.1" 204 0
::1 - - [13/Oct/2025:19:38:14 +0000] "GET /event/getall HTTP/1.1" 304 -
::1 - - [13/Oct/2025:19:38:15 +0000] "GET /event/getall HTTP/1.1" 304 -
::1 - - [13/Oct/2025:19:38:17 +0000] "OPTIONS /event/get/47ca88de-c774-41bb-a8c5-d4a20d651613 HTTP/1.1" 204 0
::1 - - [13/Oct/2025:19:38:17 +0000] "OPTIONS /event/get/47ca88de-c774-41bb-a8c5-d4a20d651613 HTTP/1.1" 204 0
::1 - - [13/Oct/2025:19:38:18 +0000] "GET /event/get/47ca88de-c774-41bb-a8c5-d4a20d651613 HTTP/1.1" 304 -
::1 - - [13/Oct/2025:19:38:18 +0000] "OPTIONS /event/registrations/47ca88de-c774-41bb-a8c5-d4a20d651613 HTTP/1.1" 204 0
::1 - - [13/Oct/2025:19:38:19 +0000] "GET /event/get/47ca88de-c774-41bb-a8c5-d4a20d651613 HTTP/1.1" 304 -
::1 - - [13/Oct/2025:19:38:19 +0000] "GET /event/registrations/47ca88de-c774-41bb-a8c5-d4a20d651613 HTTP/1.1" 304 -
::1 - - [13/Oct/2025:19:38:19 +0000] "OPTIONS /event/check-registration/47ca88de-c774-41bb-a8c5-d4a20d651613 HTTP/1.1" 204 0
::1 - - [13/Oct/2025:19:38:20 +0000] "GET /event/check-registration/47ca88de-c774-41bb-a8c5-d4a20d651613 HTTP/1.1" 304 -
::1 - - [13/Oct/2025:19:38:20 +0000] "GET /event/registrations/47ca88de-c774-41bb-a8c5-d4a20d651613 HTTP/1.1" 304 -
::1 - - [13/Oct/2025:19:38:21 +0000] "GET /event/check-registration/47ca88de-c774-41bb-a8c5-d4a20d651613 HTTP/1.1" 304 -
